<?xml version="1.0" encoding="UTF-8"?>
<!-- Generated by org.testng.reporters.JUnitXMLReporter -->
<testsuite hostname="TOSHIBA" ignored="0" name="Test" tests="8" failures="0" timestamp="31 Mar 2018 21:43:33 GMT" time="35.746" errors="0">
  <testcase name="f" time="1.712" classname="drivenTestApps.DataDrivenTestingUsingExcel"/>
  <testcase name="f" time="1.355" classname="drivenTestApps.DataDrivenTestingUsingExcel"/>
  <testcase name="f" time="1.292" classname="drivenTestApps.DataDrivenTestingUsingExcel"/>
  <testcase name="f" time="1.331" classname="drivenTestApps.DataDrivenTestingUsingExcel"/>
  <testcase name="verifyData3" time="0.006" classname="drivenTestApps.HybridTesting"/>
  <testcase name="verifyData3" time="0.002" classname="drivenTestApps.HybridTesting"/>
  <testcase name="verifyData3" time="0.001" classname="drivenTestApps.HybridTesting"/>
  <testcase name="test" time="19.209" classname="drivenTestApps.KeyWordDrivenTest"/>
</testsuite> <!-- Test -->
