<?xml version="1.0" encoding="UTF-8"?>
<testng-results skipped="0" failed="0" ignored="0" total="1" passed="1">
  <reporter-output>
  </reporter-output>
  <suite name="Default suite" duration-ms="36227" started-at="2018-03-16T21:27:48Z" finished-at="2018-03-16T21:28:24Z">
    <groups>
    </groups>
    <test name="Default test" duration-ms="36227" started-at="2018-03-16T21:27:48Z" finished-at="2018-03-16T21:28:24Z">
      <class name="drivenTestApps.KeyWordDrivenTest">
        <test-method status="PASS" signature="beforeTest()[pri:0, instance:drivenTestApps.KeyWordDrivenTest@490ab905]" name="beforeTest" is-config="true" duration-ms="5215" started-at="2018-03-16T21:27:48Z" finished-at="2018-03-16T21:27:53Z">
          <reporter-output>
          </reporter-output>
        </test-method> <!-- beforeTest -->
        <test-method status="PASS" signature="test()[pri:0, instance:drivenTestApps.KeyWordDrivenTest@490ab905]" name="test" duration-ms="30981" started-at="2018-03-16T21:27:53Z" finished-at="2018-03-16T21:28:24Z">
          <reporter-output>
          </reporter-output>
        </test-method> <!-- test -->
      </class> <!-- drivenTestApps.KeyWordDrivenTest -->
    </test> <!-- Default test -->
  </suite> <!-- Default suite -->
</testng-results>
