<?xml version="1.0" encoding="UTF-8"?>
<!-- Generated by org.testng.reporters.JUnitXMLReporter -->
<testsuite hostname="TOSHIBA" ignored="0" name="Default test" tests="3" failures="0" timestamp="24 Mar 2018 01:55:31 GMT" time="0.121" errors="0">
  <testcase name="verifyData3" time="0.025" classname="drivenTestApps.HybridTesting"/>
  <testcase name="verifyData3" time="0.005" classname="drivenTestApps.HybridTesting"/>
  <testcase name="verifyData3" time="0.012" classname="drivenTestApps.HybridTesting"/>
</testsuite> <!-- Default test -->
