<?xml version="1.0" encoding="UTF-8"?>
<!-- Generated by org.testng.reporters.JUnitXMLReporter -->
<testsuite hostname="TOSHIBA" ignored="0" name="Default test" tests="3" failures="0" timestamp="07 Apr 2018 23:08:06 GMT" time="0.06" errors="0">
  <testcase name="verifyData3" time="0.004" classname="drivenTestApps.HybridTesting"/>
  <testcase name="verifyData3" time="0.0" classname="drivenTestApps.HybridTesting"/>
  <testcase name="verifyData3" time="0.0" classname="drivenTestApps.HybridTesting"/>
</testsuite> <!-- Default test -->
